<?xml version="1.0" encoding="UTF-8"?>
<!-- Generated by org.testng.reporters.JUnitReportReporter -->
<testsuite hostname="DESKTOP-NGTPCDN" failures="0" tests="1" name="atiti.TC_LOGIN" time="2.480" errors="0" timestamp="2024-11-09T15:21:04 IST" skipped="0">
  <testcase classname="atiti.TC_LOGIN" name="Verify_User_Is_Able_To_Login" time="2.480"/>
  <system-out/>
</testsuite> <!-- atiti.TC_LOGIN -->
