<?xml version="1.0" encoding="UTF-8"?>
<!-- Generated by org.testng.reporters.JUnitReportReporter -->
<testsuite hostname="DESKTOP-NGTPCDN" failures="0" tests="1" name="atiti.TC_Homepage" time="15.221" errors="0" timestamp="2024-12-03T16:23:32 IST" skipped="0">
  <testcase classname="atiti.TC_Homepage" name="Verify_User_Is_Able_To_click_on_home" time="15.221"/>
  <system-out/>
</testsuite> <!-- atiti.TC_Homepage -->
