<?xml version="1.0" encoding="UTF-8"?>
<!-- Generated by org.testng.reporters.JUnitReportReporter -->
<testsuite hostname="DESKTOP-NGTPCDN" failures="0" tests="1" name="atiti.TC_Deeksha" time="9.218" errors="0" timestamp="2024-11-09T15:45:59 IST" skipped="0">
  <testcase classname="atiti.TC_Deeksha" name="Verify_User_Is_Able_To_Login_to_applicationform" time="9.218"/>
  <system-out/>
</testsuite> <!-- atiti.TC_Deeksha -->
